Traceback (most recent call last):
  File "/Users/buddy/projects/cirrus-digest/cirrus_bot.py", line 46, in <module>
    BOT_TOKEN     = CREDS["telegram_bot_token"]
KeyError: 'telegram_bot_token'
Traceback (most recent call last):
  File "/Users/buddy/projects/cirrus-digest/cirrus_bot.py", line 46, in <module>
    BOT_TOKEN     = CREDS["telegram_bot_token"]
KeyError: 'telegram_bot_token'
Traceback (most recent call last):
  File "/Users/buddy/projects/cirrus-digest/cirrus_bot.py", line 46, in <module>
    BOT_TOKEN     = CREDS["telegram_bot_token"]
KeyError: 'telegram_bot_token'
Traceback (most recent call last):
  File "/Users/buddy/projects/cirrus-digest/cirrus_bot.py", line 46, in <module>
    BOT_TOKEN     = CREDS["telegram_bot_token"]
KeyError: 'telegram_bot_token'
Traceback (most recent call last):
  File "/Users/buddy/projects/cirrus-digest/cirrus_bot.py", line 46, in <module>
    BOT_TOKEN     = CREDS["telegram_bot_token"]
KeyError: 'telegram_bot_token'
Traceback (most recent call last):
  File "/Users/buddy/projects/cirrus-digest/cirrus_bot.py", line 46, in <module>
    BOT_TOKEN     = CREDS["telegram_bot_token"]
KeyError: 'telegram_bot_token'
Traceback (most recent call last):
  File "/Users/buddy/projects/cirrus-digest/cirrus_bot.py", line 46, in <module>
    BOT_TOKEN     = CREDS["telegram_bot_token"]
KeyError: 'telegram_bot_token'
Traceback (most recent call last):
  File "/Users/buddy/projects/cirrus-digest/cirrus_bot.py", line 46, in <module>
    BOT_TOKEN     = CREDS["telegram_bot_token"]
KeyError: 'telegram_bot_token'
Traceback (most recent call last):
  File "/Users/buddy/projects/cirrus-digest/cirrus_bot.py", line 46, in <module>
    BOT_TOKEN     = CREDS["telegram_bot_token"]
KeyError: 'telegram_bot_token'
Traceback (most recent call last):
  File "/Users/buddy/projects/cirrus-digest/cirrus_bot.py", line 46, in <module>
    BOT_TOKEN     = CREDS["telegram_bot_token"]
KeyError: 'telegram_bot_token'
Traceback (most recent call last):
  File "/Users/buddy/projects/cirrus-digest/cirrus_bot.py", line 46, in <module>
    BOT_TOKEN     = CREDS["telegram_bot_token"]
KeyError: 'telegram_bot_token'
Traceback (most recent call last):
  File "/Users/buddy/projects/cirrus-digest/cirrus_bot.py", line 46, in <module>
    BOT_TOKEN     = CREDS["telegram_bot_token"]
KeyError: 'telegram_bot_token'
Traceback (most recent call last):
  File "/Users/buddy/projects/cirrus-digest/cirrus_bot.py", line 46, in <module>
    BOT_TOKEN     = CREDS["telegram_bot_token"]
KeyError: 'telegram_bot_token'
Traceback (most recent call last):
  File "/Users/buddy/projects/cirrus-digest/cirrus_bot.py", line 46, in <module>
    BOT_TOKEN     = CREDS["telegram_bot_token"]
KeyError: 'telegram_bot_token'
Traceback (most recent call last):
  File "/Users/buddy/projects/cirrus-digest/cirrus_bot.py", line 46, in <module>
    BOT_TOKEN     = CREDS["telegram_bot_token"]
KeyError: 'telegram_bot_token'
Traceback (most recent call last):
  File "/Users/buddy/projects/cirrus-digest/cirrus_bot.py", line 46, in <module>
    BOT_TOKEN     = CREDS["telegram_bot_token"]
KeyError: 'telegram_bot_token'
Traceback (most recent call last):
  File "/Users/buddy/projects/cirrus-digest/cirrus_bot.py", line 46, in <module>
    BOT_TOKEN     = CREDS["telegram_bot_token"]
KeyError: 'telegram_bot_token'
Traceback (most recent call last):
  File "/Users/buddy/projects/cirrus-digest/cirrus_bot.py", line 46, in <module>
    BOT_TOKEN     = CREDS["telegram_bot_token"]
KeyError: 'telegram_bot_token'
Traceback (most recent call last):
  File "/Users/buddy/projects/cirrus-digest/cirrus_bot.py", line 46, in <module>
    BOT_TOKEN     = CREDS["telegram_bot_token"]
KeyError: 'telegram_bot_token'
Traceback (most recent call last):
  File "/Users/buddy/projects/cirrus-digest/cirrus_bot.py", line 46, in <module>
    BOT_TOKEN     = CREDS["telegram_bot_token"]
KeyError: 'telegram_bot_token'
Traceback (most recent call last):
  File "/Users/buddy/projects/cirrus-digest/cirrus_bot.py", line 46, in <module>
    BOT_TOKEN     = CREDS["telegram_bot_token"]
KeyError: 'telegram_bot_token'
Traceback (most recent call last):
  File "/Users/buddy/projects/cirrus-digest/cirrus_bot.py", line 46, in <module>
    BOT_TOKEN     = CREDS["telegram_bot_token"]
KeyError: 'telegram_bot_token'
Traceback (most recent call last):
  File "/Users/buddy/projects/cirrus-digest/cirrus_bot.py", line 46, in <module>
    BOT_TOKEN     = CREDS["telegram_bot_token"]
KeyError: 'telegram_bot_token'
Traceback (most recent call last):
  File "/Users/buddy/projects/cirrus-digest/cirrus_bot.py", line 46, in <module>
    BOT_TOKEN     = CREDS["telegram_bot_token"]
KeyError: 'telegram_bot_token'
Traceback (most recent call last):
  File "/Users/buddy/projects/cirrus-digest/cirrus_bot.py", line 46, in <module>
    BOT_TOKEN     = CREDS["telegram_bot_token"]
KeyError: 'telegram_bot_token'
Traceback (most recent call last):
  File "/Users/buddy/projects/cirrus-digest/cirrus_bot.py", line 46, in <module>
    BOT_TOKEN     = CREDS["telegram_bot_token"]
KeyError: 'telegram_bot_token'
Traceback (most recent call last):
  File "/Users/buddy/projects/cirrus-digest/cirrus_bot.py", line 46, in <module>
    BOT_TOKEN     = CREDS["telegram_bot_token"]
KeyError: 'telegram_bot_token'
Traceback (most recent call last):
  File "/Users/buddy/projects/cirrus-digest/cirrus_bot.py", line 46, in <module>
    BOT_TOKEN     = CREDS["telegram_bot_token"]
KeyError: 'telegram_bot_token'
Traceback (most recent call last):
  File "/Users/buddy/projects/cirrus-digest/cirrus_bot.py", line 46, in <module>
    BOT_TOKEN     = CREDS["telegram_bot_token"]
KeyError: 'telegram_bot_token'
Traceback (most recent call last):
  File "/Users/buddy/projects/cirrus-digest/cirrus_bot.py", line 46, in <module>
    BOT_TOKEN     = CREDS["telegram_bot_token"]
KeyError: 'telegram_bot_token'
Traceback (most recent call last):
  File "/Users/buddy/projects/cirrus-digest/cirrus_bot.py", line 46, in <module>
    BOT_TOKEN     = CREDS["telegram_bot_token"]
KeyError: 'telegram_bot_token'
Traceback (most recent call last):
  File "/Users/buddy/projects/cirrus-digest/cirrus_bot.py", line 46, in <module>
    BOT_TOKEN     = CREDS["telegram_bot_token"]
KeyError: 'telegram_bot_token'
Traceback (most recent call last):
  File "/Users/buddy/projects/cirrus-digest/cirrus_bot.py", line 46, in <module>
    BOT_TOKEN     = CREDS["telegram_bot_token"]
KeyError: 'telegram_bot_token'
Traceback (most recent call last):
  File "/Users/buddy/projects/cirrus-digest/cirrus_bot.py", line 46, in <module>
    BOT_TOKEN     = CREDS["telegram_bot_token"]
KeyError: 'telegram_bot_token'
Traceback (most recent call last):
  File "/Users/buddy/projects/cirrus-digest/cirrus_bot.py", line 46, in <module>
    BOT_TOKEN     = CREDS["telegram_bot_token"]
KeyError: 'telegram_bot_token'
Traceback (most recent call last):
  File "/Users/buddy/projects/cirrus-digest/cirrus_bot.py", line 46, in <module>
    BOT_TOKEN     = CREDS["telegram_bot_token"]
KeyError: 'telegram_bot_token'
Traceback (most recent call last):
  File "/Users/buddy/projects/cirrus-digest/cirrus_bot.py", line 46, in <module>
    BOT_TOKEN     = CREDS["telegram_bot_token"]
KeyError: 'telegram_bot_token'
Traceback (most recent call last):
  File "/Users/buddy/projects/cirrus-digest/cirrus_bot.py", line 46, in <module>
    BOT_TOKEN     = CREDS["telegram_bot_token"]
KeyError: 'telegram_bot_token'
Traceback (most recent call last):
  File "/Users/buddy/projects/cirrus-digest/cirrus_bot.py", line 46, in <module>
    BOT_TOKEN     = CREDS["telegram_bot_token"]
KeyError: 'telegram_bot_token'
Traceback (most recent call last):
  File "/Users/buddy/projects/cirrus-digest/cirrus_bot.py", line 46, in <module>
    BOT_TOKEN     = CREDS["telegram_bot_token"]
KeyError: 'telegram_bot_token'
Traceback (most recent call last):
  File "/Users/buddy/projects/cirrus-digest/cirrus_bot.py", line 46, in <module>
    BOT_TOKEN     = CREDS["telegram_bot_token"]
KeyError: 'telegram_bot_token'
Traceback (most recent call last):
  File "/Users/buddy/projects/cirrus-digest/cirrus_bot.py", line 46, in <module>
    BOT_TOKEN     = CREDS["telegram_bot_token"]
KeyError: 'telegram_bot_token'
Traceback (most recent call last):
  File "/Users/buddy/projects/cirrus-digest/cirrus_bot.py", line 46, in <module>
    BOT_TOKEN     = CREDS["telegram_bot_token"]
KeyError: 'telegram_bot_token'
Traceback (most recent call last):
  File "/Users/buddy/projects/cirrus-digest/cirrus_bot.py", line 46, in <module>
    BOT_TOKEN     = CREDS["telegram_bot_token"]
KeyError: 'telegram_bot_token'
Traceback (most recent call last):
  File "/Users/buddy/projects/cirrus-digest/cirrus_bot.py", line 46, in <module>
    BOT_TOKEN     = CREDS["telegram_bot_token"]
KeyError: 'telegram_bot_token'
Traceback (most recent call last):
  File "/Users/buddy/projects/cirrus-digest/cirrus_bot.py", line 46, in <module>
    BOT_TOKEN     = CREDS["telegram_bot_token"]
KeyError: 'telegram_bot_token'
Traceback (most recent call last):
  File "/Users/buddy/projects/cirrus-digest/cirrus_bot.py", line 46, in <module>
    BOT_TOKEN     = CREDS["telegram_bot_token"]
KeyError: 'telegram_bot_token'
Traceback (most recent call last):
  File "/Users/buddy/projects/cirrus-digest/cirrus_bot.py", line 46, in <module>
    BOT_TOKEN     = CREDS["telegram_bot_token"]
KeyError: 'telegram_bot_token'
Traceback (most recent call last):
  File "/Users/buddy/projects/cirrus-digest/cirrus_bot.py", line 46, in <module>
    BOT_TOKEN     = CREDS["telegram_bot_token"]
KeyError: 'telegram_bot_token'
Traceback (most recent call last):
  File "/Users/buddy/projects/cirrus-digest/cirrus_bot.py", line 46, in <module>
    BOT_TOKEN     = CREDS["telegram_bot_token"]
KeyError: 'telegram_bot_token'
Traceback (most recent call last):
  File "/Users/buddy/projects/cirrus-digest/cirrus_bot.py", line 46, in <module>
    BOT_TOKEN     = CREDS["telegram_bot_token"]
KeyError: 'telegram_bot_token'
Traceback (most recent call last):
  File "/Users/buddy/projects/cirrus-digest/cirrus_bot.py", line 46, in <module>
    BOT_TOKEN     = CREDS["telegram_bot_token"]
KeyError: 'telegram_bot_token'
/Users/buddy/Library/Python/3.9/lib/python/site-packages/urllib3/__init__.py:35: NotOpenSSLWarning: urllib3 v2 only supports OpenSSL 1.1.1+, currently the 'ssl' module is compiled with 'LibreSSL 2.8.3'. See: https://github.com/urllib3/urllib3/issues/3020
  warnings.warn(
/Users/buddy/Library/Python/3.9/lib/python/site-packages/urllib3/__init__.py:35: NotOpenSSLWarning: urllib3 v2 only supports OpenSSL 1.1.1+, currently the 'ssl' module is compiled with 'LibreSSL 2.8.3'. See: https://github.com/urllib3/urllib3/issues/3020
  warnings.warn(
/Users/buddy/Library/Python/3.9/lib/python/site-packages/urllib3/__init__.py:35: NotOpenSSLWarning: urllib3 v2 only supports OpenSSL 1.1.1+, currently the 'ssl' module is compiled with 'LibreSSL 2.8.3'. See: https://github.com/urllib3/urllib3/issues/3020
  warnings.warn(
/Users/buddy/Library/Python/3.9/lib/python/site-packages/urllib3/__init__.py:35: NotOpenSSLWarning: urllib3 v2 only supports OpenSSL 1.1.1+, currently the 'ssl' module is compiled with 'LibreSSL 2.8.3'. See: https://github.com/urllib3/urllib3/issues/3020
  warnings.warn(
/Users/buddy/Library/Python/3.9/lib/python/site-packages/urllib3/__init__.py:35: NotOpenSSLWarning: urllib3 v2 only supports OpenSSL 1.1.1+, currently the 'ssl' module is compiled with 'LibreSSL 2.8.3'. See: https://github.com/urllib3/urllib3/issues/3020
  warnings.warn(
/Users/buddy/Library/Python/3.9/lib/python/site-packages/urllib3/__init__.py:35: NotOpenSSLWarning: urllib3 v2 only supports OpenSSL 1.1.1+, currently the 'ssl' module is compiled with 'LibreSSL 2.8.3'. See: https://github.com/urllib3/urllib3/issues/3020
  warnings.warn(
/Users/buddy/Library/Python/3.9/lib/python/site-packages/urllib3/__init__.py:35: NotOpenSSLWarning: urllib3 v2 only supports OpenSSL 1.1.1+, currently the 'ssl' module is compiled with 'LibreSSL 2.8.3'. See: https://github.com/urllib3/urllib3/issues/3020
  warnings.warn(
/Users/buddy/Library/Python/3.9/lib/python/site-packages/urllib3/__init__.py:35: NotOpenSSLWarning: urllib3 v2 only supports OpenSSL 1.1.1+, currently the 'ssl' module is compiled with 'LibreSSL 2.8.3'. See: https://github.com/urllib3/urllib3/issues/3020
  warnings.warn(
/Users/buddy/Library/Python/3.9/lib/python/site-packages/urllib3/__init__.py:35: NotOpenSSLWarning: urllib3 v2 only supports OpenSSL 1.1.1+, currently the 'ssl' module is compiled with 'LibreSSL 2.8.3'. See: https://github.com/urllib3/urllib3/issues/3020
  warnings.warn(
/Users/buddy/Library/Python/3.9/lib/python/site-packages/urllib3/__init__.py:35: NotOpenSSLWarning: urllib3 v2 only supports OpenSSL 1.1.1+, currently the 'ssl' module is compiled with 'LibreSSL 2.8.3'. See: https://github.com/urllib3/urllib3/issues/3020
  warnings.warn(
/Users/buddy/Library/Python/3.9/lib/python/site-packages/urllib3/__init__.py:35: NotOpenSSLWarning: urllib3 v2 only supports OpenSSL 1.1.1+, currently the 'ssl' module is compiled with 'LibreSSL 2.8.3'. See: https://github.com/urllib3/urllib3/issues/3020
  warnings.warn(
/Users/buddy/Library/Python/3.9/lib/python/site-packages/urllib3/__init__.py:35: NotOpenSSLWarning: urllib3 v2 only supports OpenSSL 1.1.1+, currently the 'ssl' module is compiled with 'LibreSSL 2.8.3'. See: https://github.com/urllib3/urllib3/issues/3020
  warnings.warn(
/Users/buddy/Library/Python/3.9/lib/python/site-packages/urllib3/__init__.py:35: NotOpenSSLWarning: urllib3 v2 only supports OpenSSL 1.1.1+, currently the 'ssl' module is compiled with 'LibreSSL 2.8.3'. See: https://github.com/urllib3/urllib3/issues/3020
  warnings.warn(
/Users/buddy/Library/Python/3.9/lib/python/site-packages/urllib3/__init__.py:35: NotOpenSSLWarning: urllib3 v2 only supports OpenSSL 1.1.1+, currently the 'ssl' module is compiled with 'LibreSSL 2.8.3'. See: https://github.com/urllib3/urllib3/issues/3020
  warnings.warn(
/Users/buddy/Library/Python/3.9/lib/python/site-packages/urllib3/__init__.py:35: NotOpenSSLWarning: urllib3 v2 only supports OpenSSL 1.1.1+, currently the 'ssl' module is compiled with 'LibreSSL 2.8.3'. See: https://github.com/urllib3/urllib3/issues/3020
  warnings.warn(
/Users/buddy/Library/Python/3.9/lib/python/site-packages/urllib3/__init__.py:35: NotOpenSSLWarning: urllib3 v2 only supports OpenSSL 1.1.1+, currently the 'ssl' module is compiled with 'LibreSSL 2.8.3'. See: https://github.com/urllib3/urllib3/issues/3020
  warnings.warn(
/Users/buddy/Library/Python/3.9/lib/python/site-packages/urllib3/__init__.py:35: NotOpenSSLWarning: urllib3 v2 only supports OpenSSL 1.1.1+, currently the 'ssl' module is compiled with 'LibreSSL 2.8.3'. See: https://github.com/urllib3/urllib3/issues/3020
  warnings.warn(
/Users/buddy/Library/Python/3.9/lib/python/site-packages/urllib3/__init__.py:35: NotOpenSSLWarning: urllib3 v2 only supports OpenSSL 1.1.1+, currently the 'ssl' module is compiled with 'LibreSSL 2.8.3'. See: https://github.com/urllib3/urllib3/issues/3020
  warnings.warn(
/Users/buddy/Library/Python/3.9/lib/python/site-packages/urllib3/__init__.py:35: NotOpenSSLWarning: urllib3 v2 only supports OpenSSL 1.1.1+, currently the 'ssl' module is compiled with 'LibreSSL 2.8.3'. See: https://github.com/urllib3/urllib3/issues/3020
  warnings.warn(
/Users/buddy/Library/Python/3.9/lib/python/site-packages/urllib3/__init__.py:35: NotOpenSSLWarning: urllib3 v2 only supports OpenSSL 1.1.1+, currently the 'ssl' module is compiled with 'LibreSSL 2.8.3'. See: https://github.com/urllib3/urllib3/issues/3020
  warnings.warn(
/Users/buddy/Library/Python/3.9/lib/python/site-packages/urllib3/__init__.py:35: NotOpenSSLWarning: urllib3 v2 only supports OpenSSL 1.1.1+, currently the 'ssl' module is compiled with 'LibreSSL 2.8.3'. See: https://github.com/urllib3/urllib3/issues/3020
  warnings.warn(
/Users/buddy/Library/Python/3.9/lib/python/site-packages/urllib3/__init__.py:35: NotOpenSSLWarning: urllib3 v2 only supports OpenSSL 1.1.1+, currently the 'ssl' module is compiled with 'LibreSSL 2.8.3'. See: https://github.com/urllib3/urllib3/issues/3020
  warnings.warn(
/Users/buddy/Library/Python/3.9/lib/python/site-packages/urllib3/__init__.py:35: NotOpenSSLWarning: urllib3 v2 only supports OpenSSL 1.1.1+, currently the 'ssl' module is compiled with 'LibreSSL 2.8.3'. See: https://github.com/urllib3/urllib3/issues/3020
  warnings.warn(
/Users/buddy/Library/Python/3.9/lib/python/site-packages/urllib3/__init__.py:35: NotOpenSSLWarning: urllib3 v2 only supports OpenSSL 1.1.1+, currently the 'ssl' module is compiled with 'LibreSSL 2.8.3'. See: https://github.com/urllib3/urllib3/issues/3020
  warnings.warn(
/Users/buddy/Library/Python/3.9/lib/python/site-packages/urllib3/__init__.py:35: NotOpenSSLWarning: urllib3 v2 only supports OpenSSL 1.1.1+, currently the 'ssl' module is compiled with 'LibreSSL 2.8.3'. See: https://github.com/urllib3/urllib3/issues/3020
  warnings.warn(
/Users/buddy/Library/Python/3.9/lib/python/site-packages/urllib3/__init__.py:35: NotOpenSSLWarning: urllib3 v2 only supports OpenSSL 1.1.1+, currently the 'ssl' module is compiled with 'LibreSSL 2.8.3'. See: https://github.com/urllib3/urllib3/issues/3020
  warnings.warn(
/Users/buddy/Library/Python/3.9/lib/python/site-packages/urllib3/__init__.py:35: NotOpenSSLWarning: urllib3 v2 only supports OpenSSL 1.1.1+, currently the 'ssl' module is compiled with 'LibreSSL 2.8.3'. See: https://github.com/urllib3/urllib3/issues/3020
  warnings.warn(
/Users/buddy/Library/Python/3.9/lib/python/site-packages/urllib3/__init__.py:35: NotOpenSSLWarning: urllib3 v2 only supports OpenSSL 1.1.1+, currently the 'ssl' module is compiled with 'LibreSSL 2.8.3'. See: https://github.com/urllib3/urllib3/issues/3020
  warnings.warn(
/Users/buddy/Library/Python/3.9/lib/python/site-packages/urllib3/__init__.py:35: NotOpenSSLWarning: urllib3 v2 only supports OpenSSL 1.1.1+, currently the 'ssl' module is compiled with 'LibreSSL 2.8.3'. See: https://github.com/urllib3/urllib3/issues/3020
  warnings.warn(
/Users/buddy/Library/Python/3.9/lib/python/site-packages/urllib3/__init__.py:35: NotOpenSSLWarning: urllib3 v2 only supports OpenSSL 1.1.1+, currently the 'ssl' module is compiled with 'LibreSSL 2.8.3'. See: https://github.com/urllib3/urllib3/issues/3020
  warnings.warn(
/Users/buddy/Library/Python/3.9/lib/python/site-packages/urllib3/__init__.py:35: NotOpenSSLWarning: urllib3 v2 only supports OpenSSL 1.1.1+, currently the 'ssl' module is compiled with 'LibreSSL 2.8.3'. See: https://github.com/urllib3/urllib3/issues/3020
  warnings.warn(
/Users/buddy/Library/Python/3.9/lib/python/site-packages/urllib3/__init__.py:35: NotOpenSSLWarning: urllib3 v2 only supports OpenSSL 1.1.1+, currently the 'ssl' module is compiled with 'LibreSSL 2.8.3'. See: https://github.com/urllib3/urllib3/issues/3020
  warnings.warn(
/Users/buddy/Library/Python/3.9/lib/python/site-packages/urllib3/__init__.py:35: NotOpenSSLWarning: urllib3 v2 only supports OpenSSL 1.1.1+, currently the 'ssl' module is compiled with 'LibreSSL 2.8.3'. See: https://github.com/urllib3/urllib3/issues/3020
  warnings.warn(
/Users/buddy/Library/Python/3.9/lib/python/site-packages/urllib3/__init__.py:35: NotOpenSSLWarning: urllib3 v2 only supports OpenSSL 1.1.1+, currently the 'ssl' module is compiled with 'LibreSSL 2.8.3'. See: https://github.com/urllib3/urllib3/issues/3020
  warnings.warn(
/Users/buddy/Library/Python/3.9/lib/python/site-packages/urllib3/__init__.py:35: NotOpenSSLWarning: urllib3 v2 only supports OpenSSL 1.1.1+, currently the 'ssl' module is compiled with 'LibreSSL 2.8.3'. See: https://github.com/urllib3/urllib3/issues/3020
  warnings.warn(
/Users/buddy/Library/Python/3.9/lib/python/site-packages/urllib3/__init__.py:35: NotOpenSSLWarning: urllib3 v2 only supports OpenSSL 1.1.1+, currently the 'ssl' module is compiled with 'LibreSSL 2.8.3'. See: https://github.com/urllib3/urllib3/issues/3020
  warnings.warn(
/Users/buddy/Library/Python/3.9/lib/python/site-packages/urllib3/__init__.py:35: NotOpenSSLWarning: urllib3 v2 only supports OpenSSL 1.1.1+, currently the 'ssl' module is compiled with 'LibreSSL 2.8.3'. See: https://github.com/urllib3/urllib3/issues/3020
  warnings.warn(
/Users/buddy/Library/Python/3.9/lib/python/site-packages/urllib3/__init__.py:35: NotOpenSSLWarning: urllib3 v2 only supports OpenSSL 1.1.1+, currently the 'ssl' module is compiled with 'LibreSSL 2.8.3'. See: https://github.com/urllib3/urllib3/issues/3020
  warnings.warn(
/Users/buddy/Library/Python/3.9/lib/python/site-packages/urllib3/__init__.py:35: NotOpenSSLWarning: urllib3 v2 only supports OpenSSL 1.1.1+, currently the 'ssl' module is compiled with 'LibreSSL 2.8.3'. See: https://github.com/urllib3/urllib3/issues/3020
  warnings.warn(
/Users/buddy/Library/Python/3.9/lib/python/site-packages/urllib3/__init__.py:35: NotOpenSSLWarning: urllib3 v2 only supports OpenSSL 1.1.1+, currently the 'ssl' module is compiled with 'LibreSSL 2.8.3'. See: https://github.com/urllib3/urllib3/issues/3020
  warnings.warn(
/Users/buddy/Library/Python/3.9/lib/python/site-packages/urllib3/__init__.py:35: NotOpenSSLWarning: urllib3 v2 only supports OpenSSL 1.1.1+, currently the 'ssl' module is compiled with 'LibreSSL 2.8.3'. See: https://github.com/urllib3/urllib3/issues/3020
  warnings.warn(
/Users/buddy/Library/Python/3.9/lib/python/site-packages/urllib3/__init__.py:35: NotOpenSSLWarning: urllib3 v2 only supports OpenSSL 1.1.1+, currently the 'ssl' module is compiled with 'LibreSSL 2.8.3'. See: https://github.com/urllib3/urllib3/issues/3020
  warnings.warn(
/Users/buddy/Library/Python/3.9/lib/python/site-packages/urllib3/__init__.py:35: NotOpenSSLWarning: urllib3 v2 only supports OpenSSL 1.1.1+, currently the 'ssl' module is compiled with 'LibreSSL 2.8.3'. See: https://github.com/urllib3/urllib3/issues/3020
  warnings.warn(
/Users/buddy/Library/Python/3.9/lib/python/site-packages/urllib3/__init__.py:35: NotOpenSSLWarning: urllib3 v2 only supports OpenSSL 1.1.1+, currently the 'ssl' module is compiled with 'LibreSSL 2.8.3'. See: https://github.com/urllib3/urllib3/issues/3020
  warnings.warn(
