[2026-06-01 07:00:42] === CIRRUS Space Monitor ===
[2026-06-01 07:00:42] Digest folder: 0.00 GB (/Users/buddy/projects/cirrus-digest/digests)
[2026-06-01 07:00:42] Whisper cache: 0.45 GB (/Users/buddy/.cache/whisper)
[2026-06-01 07:00:42] Free disk space: 831.5 GB
[2026-06-01 07:00:42] Files: 2 weekly digests, 1 daily digests, 1 action files
[2026-06-01 07:00:42] Running cleanup...
[2026-06-01 07:00:42]   No old files to clean up
[2026-06-01 07:00:42] === Space Monitor Complete ===
[2026-06-02 07:00:38] === CIRRUS Space Monitor ===
[2026-06-02 07:00:38] Digest folder: 0.00 GB (/Users/buddy/projects/cirrus-digest/digests)
[2026-06-02 07:00:38] Whisper cache: 0.45 GB (/Users/buddy/.cache/whisper)
[2026-06-02 07:00:38] Free disk space: 831.4 GB
[2026-06-02 07:00:38] Files: 2 weekly digests, 2 daily digests, 2 action files
[2026-06-02 07:00:38] Running cleanup...
[2026-06-02 07:00:38]   No old files to clean up
[2026-06-02 07:00:38] === Space Monitor Complete ===
[2026-06-03 07:00:36] === CIRRUS Space Monitor ===
[2026-06-03 07:00:36] Digest folder: 0.00 GB (/Users/buddy/projects/cirrus-digest/digests)
[2026-06-03 07:00:36] Whisper cache: 0.45 GB (/Users/buddy/.cache/whisper)
[2026-06-03 07:00:36] Free disk space: 817.7 GB
[2026-06-03 07:00:36] Files: 2 weekly digests, 3 daily digests, 3 action files
[2026-06-03 07:00:36] Running cleanup...
[2026-06-03 07:00:36]   No old files to clean up
[2026-06-03 07:00:36] === Space Monitor Complete ===
[2026-06-04 07:00:27] === CIRRUS Space Monitor ===
[2026-06-04 07:00:27] Digest folder: 0.00 GB (/Users/buddy/projects/cirrus-digest/digests)
[2026-06-04 07:00:27] Whisper cache: 0.45 GB (/Users/buddy/.cache/whisper)
[2026-06-04 07:00:27] Free disk space: 817.5 GB
[2026-06-04 07:00:27] Files: 2 weekly digests, 4 daily digests, 4 action files
[2026-06-04 07:00:27] Running cleanup...
[2026-06-04 07:00:27]   No old files to clean up
[2026-06-04 07:00:27] === Space Monitor Complete ===
[2026-06-05 07:00:30] === CIRRUS Space Monitor ===
[2026-06-05 07:00:30] Digest folder: 0.00 GB (/Users/buddy/projects/cirrus-digest/digests)
[2026-06-05 07:00:30] Whisper cache: 0.45 GB (/Users/buddy/.cache/whisper)
[2026-06-05 07:00:30] Free disk space: 817.2 GB
[2026-06-05 07:00:30] Files: 2 weekly digests, 5 daily digests, 5 action files
[2026-06-05 07:00:30] Running cleanup...
[2026-06-05 07:00:30]   No old files to clean up
[2026-06-05 07:00:30] === Space Monitor Complete ===
[2026-06-06 07:00:29] === CIRRUS Space Monitor ===
[2026-06-06 07:00:29] Digest folder: 0.00 GB (/Users/buddy/projects/cirrus-digest/digests)
[2026-06-06 07:00:29] Whisper cache: 0.45 GB (/Users/buddy/.cache/whisper)
[2026-06-06 07:00:29] Free disk space: 816.9 GB
[2026-06-06 07:00:29] Files: 2 weekly digests, 6 daily digests, 6 action files
[2026-06-06 07:00:29] Running cleanup...
[2026-06-06 07:00:29]   No old files to clean up
[2026-06-06 07:00:29] === Space Monitor Complete ===
[2026-06-06 13:07:49] === CIRRUS Space Monitor ===
[2026-06-06 13:07:49] Digest folder: 0.00 GB (/Users/buddy/projects/cirrus-digest/digests)
[2026-06-06 13:07:49] Whisper cache: 0.45 GB (/Users/buddy/.cache/whisper)
[2026-06-06 13:07:49] Free disk space: 816.9 GB
[2026-06-06 13:07:49] Files: 2 weekly digests, 6 daily digests, 6 action files
[2026-06-06 13:07:49] Running cleanup...
[2026-06-06 13:07:49]   No old files to clean up
[2026-06-06 13:07:49] === Space Monitor Complete ===
[2026-06-06 14:00:31] === CIRRUS Space Monitor ===
[2026-06-06 14:00:31] Digest folder: 0.00 GB (/Users/buddy/projects/cirrus-digest/digests)
[2026-06-06 14:00:31] Whisper cache: 0.45 GB (/Users/buddy/.cache/whisper)
[2026-06-06 14:00:31] Free disk space: 772.7 GB
[2026-06-06 14:00:31] Files: 2 weekly digests, 6 daily digests, 6 action files
[2026-06-06 14:00:31] Running cleanup...
[2026-06-06 14:00:31]   No old files to clean up
[2026-06-06 14:00:31] === Space Monitor Complete ===
[2026-06-07 07:02:47] === CIRRUS Space Monitor ===
[2026-06-07 07:02:47] Digest folder: 0.00 GB (/Users/buddy/projects/cirrus-digest/digests)
[2026-06-07 07:02:47] Whisper cache: 0.45 GB (/Users/buddy/.cache/whisper)
[2026-06-07 07:02:47] Free disk space: 772.1 GB
[2026-06-07 07:02:47] Files: 2 weekly digests, 7 daily digests, 7 action files
[2026-06-07 07:02:47] Running cleanup...
[2026-06-07 07:02:47]   No old files to clean up
[2026-06-07 07:02:47] === Space Monitor Complete ===
[2026-06-07 07:24:38] === CIRRUS Space Monitor ===
[2026-06-07 07:24:38] Digest folder: 0.00 GB (/Users/buddy/projects/cirrus-digest/digests)
[2026-06-07 07:24:38] Whisper cache: 0.45 GB (/Users/buddy/.cache/whisper)
[2026-06-07 07:24:38] Free disk space: 772.1 GB
[2026-06-07 07:24:38] Files: 3 weekly digests, 7 daily digests, 8 action files
[2026-06-07 07:24:38] Running cleanup...
[2026-06-07 07:24:38]   No old files to clean up
[2026-06-07 07:24:38] === Space Monitor Complete ===
[2026-06-08 07:04:43] === CIRRUS Space Monitor ===
[2026-06-08 07:04:43] Digest folder: 0.00 GB (/Users/buddy/projects/cirrus-digest/digests)
[2026-06-08 07:04:43] Whisper cache: 0.45 GB (/Users/buddy/.cache/whisper)
[2026-06-08 07:04:43] Free disk space: 771.9 GB
[2026-06-08 07:04:43] Files: 3 weekly digests, 8 daily digests, 9 action files
[2026-06-08 07:04:43] Running cleanup...
[2026-06-08 07:04:43]   No old files to clean up
[2026-06-08 07:04:43] === Space Monitor Complete ===
[2026-06-09 07:03:14] === CIRRUS Space Monitor ===
[2026-06-09 07:03:14] Digest folder: 0.00 GB (/Users/buddy/projects/cirrus-digest/digests)
[2026-06-09 07:03:14] Whisper cache: 0.45 GB (/Users/buddy/.cache/whisper)
[2026-06-09 07:03:14] Free disk space: 771.7 GB
[2026-06-09 07:03:15] Files: 3 weekly digests, 9 daily digests, 10 action files
[2026-06-09 07:03:15] Running cleanup...
[2026-06-09 07:03:15]   No old files to clean up
[2026-06-09 07:03:15] === Space Monitor Complete ===
[2026-06-10 07:02:14] === CIRRUS Space Monitor ===
[2026-06-10 07:02:14] Digest folder: 0.00 GB (/Users/buddy/projects/cirrus-digest/digests)
[2026-06-10 07:02:14] Whisper cache: 0.45 GB (/Users/buddy/.cache/whisper)
[2026-06-10 07:02:14] Free disk space: 771.4 GB
[2026-06-10 07:02:14] Files: 3 weekly digests, 10 daily digests, 11 action files
[2026-06-10 07:02:14] Running cleanup...
[2026-06-10 07:02:14]   No old files to clean up
[2026-06-10 07:02:14] === Space Monitor Complete ===
[2026-06-10 13:17:46] === CIRRUS Space Monitor ===
[2026-06-10 13:17:46] Digest folder: 0.00 GB (/Users/buddy/projects/cirrus-digest/digests)
[2026-06-10 13:17:46] Whisper cache: 0.45 GB (/Users/buddy/.cache/whisper)
[2026-06-10 13:17:46] Free disk space: 771.3 GB
[2026-06-10 13:17:46] Files: 4 weekly digests, 10 daily digests, 12 action files
[2026-06-10 13:17:46] Running cleanup...
[2026-06-10 13:17:46]   No old files to clean up
[2026-06-10 13:17:46] === Space Monitor Complete ===
[2026-06-11 07:04:51] === CIRRUS Space Monitor ===
[2026-06-11 07:04:51] Digest folder: 0.00 GB (/Users/buddy/projects/cirrus-digest/digests)
[2026-06-11 07:04:51] Whisper cache: 0.45 GB (/Users/buddy/.cache/whisper)
[2026-06-11 07:04:51] Free disk space: 770.5 GB
[2026-06-11 07:04:51] Files: 4 weekly digests, 11 daily digests, 13 action files
[2026-06-11 07:04:51] Running cleanup...
[2026-06-11 07:04:51]   No old files to clean up
[2026-06-11 07:04:51] === Space Monitor Complete ===
